db_gino.py:41 #INFO     [2025-11-12 00:39:31,483] - tg_bot.db_models.db_gino - 0| Connecting to PostgreSQL...
base.py:1234 #INFO     [2025-11-12 00:39:32,043] - gino.engine._SAEngine - 0| select relname from pg_class c join pg_namespace n on n.oid=c.relnamespace where pg_catalog.pg_table_is_visible(c.oid) and relname=$1
base.py:1236 #INFO     [2025-11-12 00:39:32,043] - gino.engine._SAEngine - 0| ('amurbooking_bot_messages',)
result.py:809 #DEBUG    [2025-11-12 00:39:32,047] - gino.engine._SAEngine - 0| Col ('relname',)
result.py:1260 #DEBUG    [2025-11-12 00:39:32,047] - gino.engine._SAEngine - 0| Row ('amurbooking_bot_messages',)
base.py:1234 #INFO     [2025-11-12 00:39:32,048] - gino.engine._SAEngine - 0| select relname from pg_class c join pg_namespace n on n.oid=c.relnamespace where pg_catalog.pg_table_is_visible(c.oid) and relname=$1
base.py:1236 #INFO     [2025-11-12 00:39:32,048] - gino.engine._SAEngine - 0| ('amurbooking_bot_accounts',)
result.py:809 #DEBUG    [2025-11-12 00:39:32,049] - gino.engine._SAEngine - 0| Col ('relname',)
result.py:1260 #DEBUG    [2025-11-12 00:39:32,049] - gino.engine._SAEngine - 0| Row ('amurbooking_bot_accounts',)
base.py:1234 #INFO     [2025-11-12 00:39:32,049] - gino.engine._SAEngine - 0| select relname from pg_class c join pg_namespace n on n.oid=c.relnamespace where pg_catalog.pg_table_is_visible(c.oid) and relname=$1
base.py:1236 #INFO     [2025-11-12 00:39:32,049] - gino.engine._SAEngine - 0| ('amurbooking_bot_bookings',)
result.py:809 #DEBUG    [2025-11-12 00:39:32,050] - gino.engine._SAEngine - 0| Col ('relname',)
result.py:1260 #DEBUG    [2025-11-12 00:39:32,050] - gino.engine._SAEngine - 0| Row ('amurbooking_bot_bookings',)
base.py:1234 #INFO     [2025-11-12 00:39:32,051] - gino.engine._SAEngine - 0| SELECT amurbooking_bot_accounts.id, amurbooking_bot_accounts.phone, amurbooking_bot_accounts.password, amurbooking_bot_accounts.proxy, amurbooking_bot_accounts.auth_token, amurbooking_bot_accounts.is_work, amurbooking_bot_accounts.created_at, amurbooking_bot_accounts.updated_at 
FROM amurbooking_bot_accounts 
WHERE amurbooking_bot_accounts.id = $1
base.py:1236 #INFO     [2025-11-12 00:39:32,051] - gino.engine._SAEngine - 0| (2,)
result.py:809 #DEBUG    [2025-11-12 00:39:32,052] - gino.engine._SAEngine - 0| Col ('id', 'phone', 'password', 'proxy', 'auth_token', 'is_work', 'created_at', 'updated_at')
result.py:1260 #DEBUG    [2025-11-12 00:39:32,052] - gino.engine._SAEngine - 0| Row (2, '+79638042595', 'VovanR797$', '31.59.236.40:59100:valetinles:f5bay87SBb', 'Bearer eyJ0eXAiOiJKV1QiLCJhbGciOiJIUzUxMiJ9.eyJpc3MiOiJhY3Rpdml0aWVzLXNlY3VyZS1hcGkiLCJhdWQiOiJhY3Rpdml0aWVzLXNlY3VyZS1hcHAiLCJzdWIiOiIzNTVmZGZhZC1iN ... (9 characters truncated) ... ctOTgxNy0xNzRiYWY2ZDkzNGYiLCJleHAiOjE3NjI5ODA2NjIsInJvbCI6W119.TJrjfrUa8J-aK6_Ob5pRShsDrGwnBZfwJb0OHVqiC5bphJaaxHkriPPvzxjFKhtEaBD8CtJoARNIwj5YfLLgMQ', None, datetime.datetime(2025, 11, 8, 8, 35, 7, 13213, tzinfo=datetime.timezone.utc), datetime.datetime(2025, 11, 11, 20, 51, 3, 26092, tzinfo=datetime.timezone.utc))
base.py:1234 #INFO     [2025-11-12 00:39:32,054] - gino.engine._SAEngine - 0| SELECT amurbooking_bot_bookings.id, amurbooking_bot_bookings.status, amurbooking_bot_bookings.account_id, amurbooking_bot_bookings.truck, amurbooking_bot_bookings.good_character, amurbooking_bot_bookings.book_date, amurbooking_bot_bookings.time_duration, amurbooking_bot_bookings.created_at, amurbooking_bot_bookings.updated_at 
FROM amurbooking_bot_bookings 
WHERE amurbooking_bot_bookings.status = $1 AND amurbooking_bot_bookings.account_id = $2
base.py:1236 #INFO     [2025-11-12 00:39:32,054] - gino.engine._SAEngine - 0| (1, 2)
base_events.py:1758 #ERROR    [2025-11-12 00:39:32,107] - asyncio - 0| unhandled exception during asyncio.run() shutdown
task: <Task finished name='Task-13' coro=<BrowserProcessing.processing_booking() done, defined at C:\Users\valet\PycharmProjects\amurbooking-bot\tg_bot\misc\browser_processing.py:90> exception=AttributeError("'NoneType' object has no attribute 'close'")>
Traceback (most recent call last):
  File "C:\Users\valet\PycharmProjects\amurbooking-bot\tg_bot\misc\browser_processing.py", line 92, in processing_booking
    db_booking = await DbBooking(status=1, account_id=self.ACCOUNT_ID).select()
  File "C:\Users\valet\PycharmProjects\amurbooking-bot\tg_bot\db_models\quick_commands.py", line 171, in select
    return await q.gino.all()
  File "C:\Users\valet\PycharmProjects\amurbooking-bot\.venv\lib\site-packages\gino\api.py", line 127, in all
    return await self._query.bind.all(self._query, *multiparams, **params)
  File "C:\Users\valet\PycharmProjects\amurbooking-bot\.venv\lib\site-packages\gino\engine.py", line 740, in all
    return await conn.all(clause, *multiparams, **params)
  File "C:\Users\valet\PycharmProjects\amurbooking-bot\.venv\lib\site-packages\gino\engine.py", line 316, in all
    return await result.execute()
  File "C:\Users\valet\PycharmProjects\amurbooking-bot\.venv\lib\site-packages\gino\dialects\base.py", line 214, in execute
    rows = await cursor.async_execute(
  File "C:\Users\valet\PycharmProjects\amurbooking-bot\.venv\lib\site-packages\gino\dialects\asyncpg.py", line 184, in async_execute
    result, stmt = await getattr(conn, "_do_execute")(query, executor, timeout)
  File "C:\Users\valet\PycharmProjects\amurbooking-bot\.venv\lib\site-packages\asyncpg\connection.py", line 2004, in _do_execute
    stmt = await self._get_statement(
  File "C:\Users\valet\PycharmProjects\amurbooking-bot\.venv\lib\site-packages\asyncpg\connection.py", line 432, in _get_statement
    statement = await self._protocol.prepare(
  File "asyncpg\\protocol\\protocol.pyx", line 165, in prepare
asyncio.exceptions.CancelledError

During handling of the above exception, another exception occurred:

Traceback (most recent call last):
  File "C:\Users\valet\PycharmProjects\amurbooking-bot\tg_bot\misc\browser_processing.py", line 279, in processing_booking
    await self.PL_BROWSER.close()
AttributeError: 'NoneType' object has no attribute 'close'
